<?xml version="1.0" encoding="UTF-8" ?>
<testsuite tests="4" failures="0" name="bp.assignment.UserServiceImplTest" time="2.268" errors="0" skipped="0">
  <properties>
[...]
</properties>
  <testcase classname="bp.assignment.UserServiceImplTest" name="testAddUser" time="2.084"/>
  <testcase classname="bp.assignment.UserServiceImplTest" name="testAverageAge" time="0.059"/>
  <testcase classname="bp.assignment.UserServiceImplTest" name="testFindOldestUser" time="0.067"/>
  <testcase classname="bp.assignment.UserServiceImplTest" name="testFindUsers" time="0.058"/>
</testsuite>